<?xml version="1.0" encoding="UTF-8"?>
<testsuite xmlns:xsi="http://www.w3.org/2001/XMLSchema-instance" xsi:noNamespaceSchemaLocation="https://maven.apache.org/surefire/maven-surefire-plugin/xsd/surefire-test-report.xsd" name="TestSuite" time="25.256" tests="4" errors="0" skipped="0" failures="3">
  <properties>
    <property name="java.runtime.name" value="Java(TM) SE Runtime Environment"/>
    <property name="sun.boot.library.path" value="/usr/lib/jvm/java-8-oracle/jre/lib/amd64"/>
    <property name="java.vm.version" value="25.201-b09"/>
    <property name="java.vm.vendor" value="Oracle Corporation"/>
    <property name="maven.multiModuleProjectDirectory" value="/home/arsen_d/Desktop/Openfit-API/OpenfitAPIs"/>
    <property name="java.vendor.url" value="http://java.oracle.com/"/>
    <property name="path.separator" value=":"/>
    <property name="guice.disable.misplaced.annotation.check" value="true"/>
    <property name="java.vm.name" value="Java HotSpot(TM) 64-Bit Server VM"/>
    <property name="file.encoding.pkg" value="sun.io"/>
    <property name="user.country" value="US"/>
    <property name="sun.java.launcher" value="SUN_STANDARD"/>
    <property name="sun.os.patch.level" value="unknown"/>
    <property name="java.vm.specification.name" value="Java Virtual Machine Specification"/>
    <property name="user.dir" value="/home/arsen_d/Desktop/Openfit-API/OpenfitAPIs"/>
    <property name="java.runtime.version" value="1.8.0_201-b09"/>
    <property name="java.awt.graphicsenv" value="sun.awt.X11GraphicsEnvironment"/>
    <property name="java.endorsed.dirs" value="/usr/lib/jvm/java-8-oracle/jre/lib/endorsed"/>
    <property name="os.arch" value="amd64"/>
    <property name="java.io.tmpdir" value="/tmp"/>
    <property name="line.separator" value="&#10;"/>
    <property name="java.vm.specification.vendor" value="Oracle Corporation"/>
    <property name="os.name" value="Linux"/>
    <property name="suiteXmlFile" value="TestXmls/Login_Tests.xml"/>
    <property name="classworlds.conf" value="/usr/share/maven/bin/m2.conf"/>
    <property name="sun.jnu.encoding" value="UTF-8"/>
    <property name="java.library.path" value="/usr/java/packages/lib/amd64:/usr/lib64:/lib64:/lib:/usr/lib"/>
    <property name="java.specification.name" value="Java Platform API Specification"/>
    <property name="java.class.version" value="52.0"/>
    <property name="sun.management.compiler" value="HotSpot 64-Bit Tiered Compilers"/>
    <property name="os.version" value="4.15.0-50-generic"/>
    <property name="user.home" value="/home/arsen_d"/>
    <property name="user.timezone" value="Asia/Yerevan"/>
    <property name="java.awt.printerjob" value="sun.print.PSPrinterJob"/>
    <property name="java.specification.version" value="1.8"/>
    <property name="file.encoding" value="UTF-8"/>
    <property name="user.name" value="arsen_d"/>
    <property name="java.class.path" value="/usr/share/maven/boot/plexus-classworlds-2.x.jar"/>
    <property name="java.vm.specification.version" value="1.8"/>
    <property name="sun.arch.data.model" value="64"/>
    <property name="java.home" value="/usr/lib/jvm/java-8-oracle/jre"/>
    <property name="sun.java.command" value="org.codehaus.plexus.classworlds.launcher.Launcher test -DsuiteXmlFile=TestXmls/Login_Tests.xml"/>
    <property name="java.specification.vendor" value="Oracle Corporation"/>
    <property name="user.language" value="en"/>
    <property name="awt.toolkit" value="sun.awt.X11.XToolkit"/>
    <property name="java.vm.info" value="mixed mode"/>
    <property name="java.version" value="1.8.0_201"/>
    <property name="java.ext.dirs" value="/usr/lib/jvm/java-8-oracle/jre/lib/ext:/usr/java/packages/lib/ext"/>
    <property name="securerandom.source" value="file:/dev/./urandom"/>
    <property name="sun.boot.class.path" value="/usr/lib/jvm/java-8-oracle/jre/lib/resources.jar:/usr/lib/jvm/java-8-oracle/jre/lib/rt.jar:/usr/lib/jvm/java-8-oracle/jre/lib/sunrsasign.jar:/usr/lib/jvm/java-8-oracle/jre/lib/jsse.jar:/usr/lib/jvm/java-8-oracle/jre/lib/jce.jar:/usr/lib/jvm/java-8-oracle/jre/lib/charsets.jar:/usr/lib/jvm/java-8-oracle/jre/lib/jfr.jar:/usr/lib/jvm/java-8-oracle/jre/classes"/>
    <property name="java.vendor" value="Oracle Corporation"/>
    <property name="maven.home" value="/usr/share/maven"/>
    <property name="file.separator" value="/"/>
    <property name="java.vendor.url.bug" value="http://bugreport.sun.com/bugreport/"/>
    <property name="sun.cpu.endian" value="little"/>
    <property name="sun.io.unicode.encoding" value="UnicodeLittle"/>
    <property name="sun.desktop" value="gnome"/>
    <property name="sun.cpu.isalist" value=""/>
  </properties>
  <testcase name="freeRegister" classname="APITest" time="21.027">
    <failure message="The following asserts failed:&#10;	expected [Test] but found [null],&#10;	expected [Test] but found [null],&#10;	expected object to not be null,&#10;	expected object to not be null,&#10;	expected object to not be null,&#10;	expected object to not be null,&#10;	expected object to not be null,&#10;	expected object to not be null,&#10;	expected object to not be null" type="java.lang.AssertionError">java.lang.AssertionError: 
The following asserts failed:
	expected [Test] but found [null],
	expected [Test] but found [null],
	expected object to not be null,
	expected object to not be null,
	expected object to not be null,
	expected object to not be null,
	expected object to not be null,
	expected object to not be null,
	expected object to not be null
	at APITest.freeRegister_aroundBody2(APITest.java:38)
	at APITest.freeRegister(APITest.java:27)
</failure>
  </testcase>
  <testcase name="getIDToken" classname="APITest" time="0.914"/>
  <testcase name="loginWithRegisteredUser" classname="LoginTests" time="0.598">
    <failure message="The following asserts failed:&#10;	expected [Test] but found [null],&#10;	expected [Test] but found [null],&#10;	expected object to not be null,&#10;	expected object to not be null,&#10;	expected object to not be null,&#10;	expected object to not be null,&#10;	expected object to not be null,&#10;	expected object to not be null,&#10;	expected object to not be null" type="java.lang.AssertionError">java.lang.AssertionError: 
The following asserts failed:
	expected [Test] but found [null],
	expected [Test] but found [null],
	expected object to not be null,
	expected object to not be null,
	expected object to not be null,
	expected object to not be null,
	expected object to not be null,
	expected object to not be null,
	expected object to not be null
	at LoginTests.loginWithRegisteredUser_aroundBody2(LoginTests.java:33)
	at LoginTests.loginWithRegisteredUser(LoginTests.java:33)
</failure>
  </testcase>
  <testcase name="loginWithSubscribedUser" classname="LoginTests" time="1.276">
    <failure message="The following asserts failed:&#10;	expected [Test] but found [null],&#10;	expected [Test] but found [null],&#10;	expected object to not be null,&#10;	expected object to not be null,&#10;	expected object to not be null,&#10;	expected object to not be null,&#10;	expected object to not be null,&#10;	expected object to not be null,&#10;	expected object to not be null" type="java.lang.AssertionError">java.lang.AssertionError: 
The following asserts failed:
	expected [Test] but found [null],
	expected [Test] but found [null],
	expected object to not be null,
	expected object to not be null,
	expected object to not be null,
	expected object to not be null,
	expected object to not be null,
	expected object to not be null,
	expected object to not be null
	at LoginTests.loginWithSubscribedUser_aroundBody0(LoginTests.java:18)
	at LoginTests.loginWithSubscribedUser(LoginTests.java:18)
</failure>
    <system-out><![CDATA[Could not find parameter 0
Could not find parameter 1
Could not find parameter 0
Could not find parameter 1
Could not find parameter 2
]]></system-out>
  </testcase>
</testsuite>