<?xml version="1.0" encoding="UTF-8"?>
<!-- Generated by org.testng.reporters.JUnitReportReporter -->
<testsuite skipped="0" hostname="MC-0126" name="SubscriptionsTests" tests="3" failures="0" timestamp="22 May 2019 13:12:40 GMT" time="23.879" errors="0">
  <testcase name="registration1m" time="7.092" classname="SubscriptionsTests"/>
  <testcase name="registration12m" time="9.786" classname="SubscriptionsTests"/>
  <testcase name="registration6m" time="7.001" classname="SubscriptionsTests"/>
</testsuite> <!-- SubscriptionsTests -->
