<?xml version="1.0" encoding="UTF-8"?>
<!-- Generated by org.testng.reporters.JUnitReportReporter -->
<testsuite skipped="0" hostname="MC-0126" name="LoginTests" tests="2" failures="0" timestamp="27 May 2019 11:42:23 GMT" time="13.701" errors="0">
  <testcase name="loginWithSubscribedUser" time="10.294" classname="LoginTests"/>
  <testcase name="loginWithRegisteredUser" time="3.407" classname="LoginTests"/>
</testsuite> <!-- LoginTests -->
