<?xml version="1.0" encoding="UTF-8"?>
<!-- Generated by org.testng.reporters.JUnitReportReporter -->
<testsuite skipped="0" hostname="MC-0126" name="tests.ChangeAttributesTests" tests="2" failures="0" timestamp="20 Jun 2019 14:01:16 GMT" time="11.359" errors="0">
  <testcase name="changeAttributesForRegisteredUser" time="3.356" classname="tests.ChangeAttributesTests"/>
  <testcase name="changeAttributesForSubscribedUser" time="8.003" classname="tests.ChangeAttributesTests"/>
</testsuite> <!-- tests.ChangeAttributesTests -->
