<?xml version="1.0" encoding="UTF-8"?>
<!-- Generated by org.testng.reporters.JUnitReportReporter -->
<testsuite skipped="0" hostname="MC-0126" name="tests.GetTokenIdTests" tests="1" failures="0" timestamp="19 Jun 2019 13:52:19 GMT" time="0.217" errors="0">
  <testcase name="getIDToken" time="0.217" classname="tests.GetTokenIdTests"/>
</testsuite> <!-- tests.GetTokenIdTests -->
