<?xml version="1.0" encoding="UTF-8"?>
<!-- Generated by org.testng.reporters.JUnitReportReporter -->
<testsuite skipped="0" hostname="MC-0126" name="tests.SubscriptionsTests" tests="3" failures="0" timestamp="20 Jun 2019 14:06:54 GMT" time="22.819" errors="0">
  <testcase name="registration12m" time="8.441" classname="tests.SubscriptionsTests"/>
  <testcase name="registration6m" time="7.926" classname="tests.SubscriptionsTests"/>
  <testcase name="registration1m" time="6.452" classname="tests.SubscriptionsTests"/>
</testsuite> <!-- tests.SubscriptionsTests -->
