<?xml version="1.0" encoding="UTF-8"?>
<!-- Generated by org.testng.reporters.JUnitReportReporter -->
<testsuite skipped="0" hostname="MC-0126" name="FreeRegisterTests" tests="1" failures="0" timestamp="14 Jun 2019 06:23:17 GMT" time="3.294" errors="0">
  <testcase name="freeRegister" time="3.294" classname="FreeRegisterTests"/>
</testsuite> <!-- FreeRegisterTests -->
