<?xml version="1.0" encoding="UTF-8"?>
<!-- Generated by org.testng.reporters.JUnitReportReporter -->
<testsuite skipped="0" hostname="MC-0126" name="tests.LoginTests" tests="2" failures="0" timestamp="20 Jun 2019 14:01:16 GMT" time="11.520" errors="0">
  <testcase name="loginWithSubscribedUser" time="8.402" classname="tests.LoginTests"/>
  <testcase name="loginWithRegisteredUser" time="3.118" classname="tests.LoginTests"/>
</testsuite> <!-- tests.LoginTests -->
