<?xml version="1.0" encoding="UTF-8"?>
<!-- Generated by org.testng.reporters.JUnitReportReporter -->
<testsuite skipped="0" hostname="MC-0126" name="tests.FreeRegisterTests" tests="1" failures="0" timestamp="19 Jun 2019 13:52:19 GMT" time="3.248" errors="0">
  <testcase name="freeRegister" time="3.248" classname="tests.FreeRegisterTests"/>
</testsuite> <!-- tests.FreeRegisterTests -->
