<?xml version="1.0" encoding="UTF-8"?>
<!-- Generated by org.testng.reporters.JUnitReportReporter -->
<testsuite skipped="0" hostname="MC-0126" name="tests.ChangeAttributesTests" tests="2" failures="2" timestamp="19 Jun 2019 13:52:19 GMT" time="4.613" errors="0">
  <testcase name="changeAttributesForRegisteredUser" time="2.321" classname="tests.ChangeAttributesTests">
    <failure type="java.lang.AssertionError" message="The following asserts failed:
	expected [Test] but found [null],
	expected [Test] but found [null],
	expected object to not be null,
	expected object to not be null,
	expected object to not be null,
	expected object to not be null,
	expected object to not be null,
	expected [Test] but found [null],
	expected [Test] but found [null],
	expected object to not be null,
	expected object to not be null,
	expected object to not be null,
	expected object to not be null,
	expected object to not be null">
      <![CDATA[java.lang.AssertionError: The following asserts failed:
expected [Test] but found [null],
expected [Test] but found [null],
expected object to not be null,
expected object to not be null,
expected object to not be null,
expected object to not be null,
expected object to not be null,
expected [Test] but found [null],
expected [Test] but found [null],
expected object to not be null,
expected object to not be null,
expected object to not be null,
expected object to not be null,
expected object to not be null
at org.testng.asserts.SoftAssert.assertAll(SoftAssert.java:43)
at util.CheckerMethods.getFreeRegisterResponseContent(CheckerMethods.java:59)
at tests.FreeRegisterTests.freeRegister_aroundBody0(FreeRegisterTests.java:64)
at tests.FreeRegisterTests$AjcClosure1.run(FreeRegisterTests.java:1)
at org.aspectj.runtime.reflect.JoinPointImpl.proceed(JoinPointImpl.java:149)
at io.qameta.allure.aspects.StepsAspects.step(StepsAspects.java:46)
at tests.FreeRegisterTests.freeRegister(FreeRegisterTests.java:53)
at tests.ChangeAttributesTests.changeAttributesForRegisteredUser_aroundBody2(ChangeAttributesTests.java:50)
at tests.ChangeAttributesTests$AjcClosure3.run(ChangeAttributesTests.java:1)
at org.aspectj.runtime.reflect.JoinPointImpl.proceed(JoinPointImpl.java:149)
at io.qameta.allure.aspects.StepsAspects.step(StepsAspects.java:46)
at tests.ChangeAttributesTests.changeAttributesForRegisteredUser(ChangeAttributesTests.java:50)
at sun.reflect.NativeMethodAccessorImpl.invoke0(Native Method)
at sun.reflect.NativeMethodAccessorImpl.invoke(NativeMethodAccessorImpl.java:62)
at sun.reflect.DelegatingMethodAccessorImpl.invoke(DelegatingMethodAccessorImpl.java:43)
at java.lang.reflect.Method.invoke(Method.java:498)
at org.testng.internal.MethodInvocationHelper.invokeMethod(MethodInvocationHelper.java:124)
at org.testng.internal.Invoker.invokeMethod(Invoker.java:583)
at org.testng.internal.Invoker.invokeTestMethod(Invoker.java:719)
at org.testng.internal.Invoker.invokeTestMethods(Invoker.java:989)
at org.testng.internal.TestMethodWorker.invokeTestMethods(TestMethodWorker.java:125)
at org.testng.internal.TestMethodWorker.run(TestMethodWorker.java:109)
at org.testng.TestRunner.privateRun(TestRunner.java:648)
at org.testng.TestRunner.run(TestRunner.java:505)
at org.testng.SuiteRunner.runTest(SuiteRunner.java:455)
at org.testng.SuiteRunner.runSequentially(SuiteRunner.java:450)
at org.testng.SuiteRunner.privateRun(SuiteRunner.java:415)
at org.testng.SuiteRunner.run(SuiteRunner.java:364)
at org.testng.SuiteRunnerWorker.runSuite(SuiteRunnerWorker.java:52)
at org.testng.SuiteRunnerWorker.run(SuiteRunnerWorker.java:84)
at org.testng.TestNG.runSuitesSequentially(TestNG.java:1208)
at org.testng.TestNG.runSuitesLocally(TestNG.java:1137)
at org.testng.TestNG.runSuites(TestNG.java:1049)
at org.testng.TestNG.run(TestNG.java:1017)
at org.apache.maven.surefire.testng.TestNGExecutor.run(TestNGExecutor.java:135)
at org.apache.maven.surefire.testng.TestNGDirectoryTestSuite.executeMulti(TestNGDirectoryTestSuite.java:193)
at org.apache.maven.surefire.testng.TestNGDirectoryTestSuite.execute(TestNGDirectoryTestSuite.java:94)
at org.apache.maven.surefire.testng.TestNGProvider.invoke(TestNGProvider.java:146)
at org.apache.maven.surefire.booter.ForkedBooter.invokeProviderInSameClassLoader(ForkedBooter.java:386)
at org.apache.maven.surefire.booter.ForkedBooter.runSuitesInProcess(ForkedBooter.java:323)
at org.apache.maven.surefire.booter.ForkedBooter.main(ForkedBooter.java:143)
]]>
    </failure>
  </testcase> <!-- changeAttributesForRegisteredUser -->
  <testcase name="changeAttributesForSubscribedUser" time="2.292" classname="tests.ChangeAttributesTests">
    <failure type="java.lang.AssertionError" message="The following asserts failed:
	expected [Test] but found [null],
	expected [Test] but found [null],
	expected object to not be null,
	expected object to not be null,
	expected object to not be null,
	expected object to not be null,
	expected object to not be null,
	expected [Test] but found [null],
	expected [Test] but found [null],
	expected object to not be null,
	expected object to not be null,
	expected object to not be null,
	expected object to not be null,
	expected object to not be null">
      <![CDATA[java.lang.AssertionError: The following asserts failed:
expected [Test] but found [null],
expected [Test] but found [null],
expected object to not be null,
expected object to not be null,
expected object to not be null,
expected object to not be null,
expected object to not be null,
expected [Test] but found [null],
expected [Test] but found [null],
expected object to not be null,
expected object to not be null,
expected object to not be null,
expected object to not be null,
expected object to not be null
at org.testng.asserts.SoftAssert.assertAll(SoftAssert.java:43)
at util.CheckerMethods.getFreeRegisterResponseContent(CheckerMethods.java:59)
at tests.FreeRegisterTests.freeRegister_aroundBody0(FreeRegisterTests.java:64)
at tests.FreeRegisterTests$AjcClosure1.run(FreeRegisterTests.java:1)
at org.aspectj.runtime.reflect.JoinPointImpl.proceed(JoinPointImpl.java:149)
at io.qameta.allure.aspects.StepsAspects.step(StepsAspects.java:46)
at tests.FreeRegisterTests.freeRegister(FreeRegisterTests.java:53)
at tests.SubscriptionsTests.registration6m_aroundBody2(SubscriptionsTests.java:105)
at tests.SubscriptionsTests$AjcClosure3.run(SubscriptionsTests.java:1)
at org.aspectj.runtime.reflect.JoinPointImpl.proceed(JoinPointImpl.java:149)
at io.qameta.allure.aspects.StepsAspects.step(StepsAspects.java:46)
at tests.SubscriptionsTests.registration6m(SubscriptionsTests.java:99)
at tests.ChangeAttributesTests.changeAttributesForSubscribedUser_aroundBody0(ChangeAttributesTests.java:28)
at tests.ChangeAttributesTests$AjcClosure1.run(ChangeAttributesTests.java:1)
at org.aspectj.runtime.reflect.JoinPointImpl.proceed(JoinPointImpl.java:149)
at io.qameta.allure.aspects.StepsAspects.step(StepsAspects.java:46)
at tests.ChangeAttributesTests.changeAttributesForSubscribedUser(ChangeAttributesTests.java:28)
at sun.reflect.NativeMethodAccessorImpl.invoke0(Native Method)
at sun.reflect.NativeMethodAccessorImpl.invoke(NativeMethodAccessorImpl.java:62)
at sun.reflect.DelegatingMethodAccessorImpl.invoke(DelegatingMethodAccessorImpl.java:43)
at java.lang.reflect.Method.invoke(Method.java:498)
at org.testng.internal.MethodInvocationHelper.invokeMethod(MethodInvocationHelper.java:124)
at org.testng.internal.Invoker.invokeMethod(Invoker.java:583)
at org.testng.internal.Invoker.invokeTestMethod(Invoker.java:719)
at org.testng.internal.Invoker.invokeTestMethods(Invoker.java:989)
at org.testng.internal.TestMethodWorker.invokeTestMethods(TestMethodWorker.java:125)
at org.testng.internal.TestMethodWorker.run(TestMethodWorker.java:109)
at org.testng.TestRunner.privateRun(TestRunner.java:648)
at org.testng.TestRunner.run(TestRunner.java:505)
at org.testng.SuiteRunner.runTest(SuiteRunner.java:455)
at org.testng.SuiteRunner.runSequentially(SuiteRunner.java:450)
at org.testng.SuiteRunner.privateRun(SuiteRunner.java:415)
at org.testng.SuiteRunner.run(SuiteRunner.java:364)
at org.testng.SuiteRunnerWorker.runSuite(SuiteRunnerWorker.java:52)
at org.testng.SuiteRunnerWorker.run(SuiteRunnerWorker.java:84)
at org.testng.TestNG.runSuitesSequentially(TestNG.java:1208)
at org.testng.TestNG.runSuitesLocally(TestNG.java:1137)
at org.testng.TestNG.runSuites(TestNG.java:1049)
at org.testng.TestNG.run(TestNG.java:1017)
at org.apache.maven.surefire.testng.TestNGExecutor.run(TestNGExecutor.java:135)
at org.apache.maven.surefire.testng.TestNGDirectoryTestSuite.executeMulti(TestNGDirectoryTestSuite.java:193)
at org.apache.maven.surefire.testng.TestNGDirectoryTestSuite.execute(TestNGDirectoryTestSuite.java:94)
at org.apache.maven.surefire.testng.TestNGProvider.invoke(TestNGProvider.java:146)
at org.apache.maven.surefire.booter.ForkedBooter.invokeProviderInSameClassLoader(ForkedBooter.java:386)
at org.apache.maven.surefire.booter.ForkedBooter.runSuitesInProcess(ForkedBooter.java:323)
at org.apache.maven.surefire.booter.ForkedBooter.main(ForkedBooter.java:143)
]]>
    </failure>
  </testcase> <!-- changeAttributesForSubscribedUser -->
</testsuite> <!-- tests.ChangeAttributesTests -->
