<?xml version="1.0" encoding="UTF-8"?>
<!-- Generated by org.testng.reporters.JUnitReportReporter -->
<testsuite skipped="0" hostname="MC-0126" name="tests.ChangeAttributesTests" tests="2" failures="0" timestamp="20 Jun 2019 14:06:54 GMT" time="11.770" errors="0">
  <testcase name="changeAttributesForRegisteredUser" time="3.130" classname="tests.ChangeAttributesTests"/>
  <testcase name="changeAttributesForSubscribedUser" time="8.640" classname="tests.ChangeAttributesTests"/>
</testsuite> <!-- tests.ChangeAttributesTests -->
