<?xml version="1.0" encoding="UTF-8"?>
<!-- Generated by org.testng.reporters.JUnitReportReporter -->
<testsuite skipped="0" hostname="MC-0126" name="tests.SubscriptionsTests" tests="1" failures="0" timestamp="17 Jun 2019 08:42:43 GMT" time="4.168" errors="0">
  <testcase name="registration6m" time="4.168" classname="tests.SubscriptionsTests"/>
</testsuite> <!-- tests.SubscriptionsTests -->
