<?xml version="1.0" encoding="UTF-8"?>
<!-- Generated by org.testng.reporters.JUnitReportReporter -->
<testsuite skipped="0" hostname="MC-0126" name="tests.FreeRegisterTests" tests="1" failures="0" timestamp="17 Jun 2019 08:42:43 GMT" time="4.752" errors="0">
  <testcase name="freeRegister" time="4.752" classname="tests.FreeRegisterTests"/>
</testsuite> <!-- tests.FreeRegisterTests -->
