<?xml version="1.0" encoding="UTF-8"?>
<!-- Generated by org.testng.reporters.JUnitReportReporter -->
<testsuite skipped="0" hostname="MC-0126" name="tests.ContentTests" tests="1" failures="0" timestamp="20 Jun 2019 14:01:16 GMT" time="0.003" errors="0">
  <testcase name="getContent" time="0.003" classname="tests.ContentTests"/>
</testsuite> <!-- tests.ContentTests -->
