<?xml version="1.0" encoding="UTF-8"?>
<!-- Generated by org.testng.reporters.JUnitReportReporter -->
<testsuite skipped="0" hostname="MC-0126" name="tests.ChangePasswordTests" tests="2" failures="0" timestamp="20 Jun 2019 14:06:54 GMT" time="12.896" errors="0">
  <testcase name="changePasswordForSubscribedUser" time="9.852" classname="tests.ChangePasswordTests"/>
  <testcase name="changePasswordForRegisteredUser" time="3.044" classname="tests.ChangePasswordTests"/>
</testsuite> <!-- tests.ChangePasswordTests -->
