<?xml version="1.0" encoding="UTF-8"?>
<!-- Generated by org.testng.reporters.JUnitReportReporter -->
<testsuite skipped="0" hostname="MC-0126" name="tests.FreeRegisterTests" tests="1" failures="0" timestamp="20 Jun 2019 14:06:54 GMT" time="3.085" errors="0">
  <testcase name="freeRegister" time="3.085" classname="tests.FreeRegisterTests"/>
</testsuite> <!-- tests.FreeRegisterTests -->
