<?xml version="1.0" encoding="UTF-8"?>
<!-- Generated by org.testng.reporters.JUnitReportReporter -->
<testsuite skipped="0" hostname="MC-0126" name="APITest" tests="2" failures="0" timestamp="27 May 2019 11:42:23 GMT" time="4.594" errors="0">
  <testcase name="getIDToken" time="0.928" classname="APITest"/>
  <testcase name="freeRegister" time="3.666" classname="APITest"/>
</testsuite> <!-- APITest -->
