<?xml version="1.0" encoding="UTF-8"?>
<!-- Generated by org.testng.reporters.JUnitReportReporter -->
<testsuite skipped="0" hostname="MC-0126" name="tests.LoginTests" tests="2" failures="0" timestamp="20 Jun 2019 14:06:54 GMT" time="12.387" errors="0">
  <testcase name="loginWithSubscribedUser" time="8.607" classname="tests.LoginTests"/>
  <testcase name="loginWithRegisteredUser" time="3.780" classname="tests.LoginTests"/>
</testsuite> <!-- tests.LoginTests -->
