<?xml version="1.0" encoding="UTF-8"?>
<!-- Generated by org.testng.reporters.JUnitReportReporter -->
<testsuite skipped="0" hostname="MC-0126" name="tests.GetTokenIdTests" tests="1" failures="0" timestamp="20 Jun 2019 14:01:16 GMT" time="0.210" errors="0">
  <testcase name="getIDToken" time="0.210" classname="tests.GetTokenIdTests"/>
</testsuite> <!-- tests.GetTokenIdTests -->
